<?xml version="1.0" encoding="UTF-8"?>
<!-- Generated by org.testng.reporters.JUnitReportReporter -->
<testsuite hostname="CGGDESKFF07" failures="0" tests="1" name="com.cgg.testcases.contractreg" time="32.304" errors="0" timestamp="19 Feb 2019 08:54:47 GMT" skipped="0">
  <testcase classname="com.cgg.testcases.contractreg" name="f" time="32.304"/>
</testsuite> <!-- com.cgg.testcases.contractreg -->
